<?xml version="1.0" encoding="UTF-8"?>
<robot generator="Robot 7.3.2 (Python 3.13.7 on win32)" generated="2026-06-11T15:31:20.173367" rpa="false" schemaversion="5">
<suite id="s1" name="Tests" source="C:\Users\Landing\Desktop\docDev\robotClaude\front-back\rf_tests\tests">
<kw name="Open Browser Session" owner="keywords" type="SETUP">
<kw name="New Browser" owner="Browser">
<msg time="2026-06-11T15:31:21.460117" level="INFO">{"browser": "chromium", "headless": false, "chromiumSandbox": false, "devtools": false, "handleSIGHUP": true, "handleSIGINT": true, "handleSIGTERM": true, "slowMo": 0.0, "timeout": 30000.0, "tracesDir": "C:\\Users\\Landing\\Desktop\\docDev\\robotClaude\\front-back\\rf_tests\\browser\\traces\\temp\\559563f2-244c-48fc-ab99-3e0bdc53d23f"}</msg>
<msg time="2026-06-11T15:31:21.524841" level="INFO">Starting Browser process C:\Users\Landing\AppData\Local\Programs\Python\Python313\Lib\site-packages\Browser\wrapper\index.js using at 127.0.0.1:62531</msg>
<msg time="2026-06-11T15:31:30.368572" level="INFO">Successfully created browser with options: {"browser":"chromium","headless":false,"chromiumSandbox":false,"devtools":false,"handleSIGHUP":true,"handleSIGINT":true,"handleSIGTERM":true,"slowMo":0,"timeout":30000,"tracesDir":"C:\\Users\\Landing\\Desktop\\docDev\\robotClaude\\front-back\\rf_tests\\browser\\traces\\temp\\559563f2-244c-48fc-ab99-3e0bdc53d23f"}</msg>
<arg>${browser}</arg>
<arg>headless=${HEADLESS}</arg>
<tag>BrowserControl</tag>
<tag>Setter</tag>
<doc>Create a new playwright Browser with specified options.</doc>
<status status="PASS" start="2026-06-11T15:31:21.458008" elapsed="8.910908"/>
</kw>
<kw name="New Context" owner="Browser">
<msg time="2026-06-11T15:31:30.372345" level="INFO">{
  "acceptDownloads": true,
  "bypassCSP": false,
  "forcedColors": "none",
  "ignoreHTTPSErrors": false,
  "javaScriptEnabled": true,
  "offline": false,
  "reducedMotion": "no-preference",
  "serviceWorkers": "allow",
  "viewport": {
    "width": 1280,
    "height": 720
  }
}</msg>
<msg time="2026-06-11T15:31:30.387364" level="INFO">Successfully created context. </msg>
<msg time="2026-06-11T15:31:30.387471" level="INFO">{'acceptDownloads': True, 'bypassCSP': False, 'forcedColors': 'none', 'ignoreHTTPSErrors': False, 'javaScriptEnabled': True, 'offline': False, 'reducedMotion': 'no-preference', 'serviceWorkers': 'allow', 'viewport': {'width': 1280, 'height': 720}}</msg>
<arg>acceptDownloads=True</arg>
<tag>BrowserControl</tag>
<tag>Setter</tag>
<doc>Create a new BrowserContext with specified options.</doc>
<status status="PASS" start="2026-06-11T15:31:30.369332" elapsed="0.018249"/>
</kw>
<kw name="New Page" owner="Browser">
<msg time="2026-06-11T15:31:32.692017" level="INFO">Successfully initialized new page object and opened url: https://the-internet.herokuapp.com/login</msg>
<arg>${url}</arg>
<tag>BrowserControl</tag>
<tag>Setter</tag>
<doc>Open a new Page.</doc>
<status status="PASS" start="2026-06-11T15:31:30.387808" elapsed="2.304435"/>
</kw>
<arg>${BASE_URL}</arg>
<status status="PASS" start="2026-06-11T15:31:21.456789" elapsed="11.235596"/>
</kw>
<suite id="s1-s1" name="Tests" source="C:\Users\Landing\Desktop\docDev\robotClaude\front-back\rf_tests\tests\tests.robot">
<test id="s1-s1-t1" name="TC_001 - Connexion avec identifiants valides" line="11">
<kw name="Go To" owner="Browser" type="SETUP">
<msg time="2026-06-11T15:31:32.881028" level="INFO">Successfully opened URL https://the-internet.herokuapp.com/login</msg>
<arg>${BASE_URL}</arg>
<tag>BrowserControl</tag>
<tag>Setter</tag>
<doc>Navigates to the given ``url``.</doc>
<status status="PASS" start="2026-06-11T15:31:32.730661" elapsed="0.150552"/>
</kw>
<kw name="Login With Credentials" owner="keywords">
<kw name="Enter Username" owner="login_page">
<kw name="Wait For Elements State" owner="Browser">
<msg time="2026-06-11T15:31:32.918924" level="INFO">Waited for Element with selector id=username at state visible</msg>
<arg>id=username</arg>
<arg>visible</arg>
<arg>timeout=10s</arg>
<tag>PageContent</tag>
<tag>Wait</tag>
<doc>Waits for the element found by ``selector`` to satisfy state option.</doc>
<status status="PASS" start="2026-06-11T15:31:32.882771" elapsed="0.036335"/>
</kw>
<kw name="Fill Text" owner="Browser">
<msg time="2026-06-11T15:31:32.924270" level="INFO">Fills the text 'tomsmith' in the given field.</msg>
<arg>id=username</arg>
<arg>${username}</arg>
<tag>PageContent</tag>
<tag>Setter</tag>
<doc>Clears and fills the given ``txt`` into the text field found by ``selector``.</doc>
<status status="PASS" start="2026-06-11T15:31:32.919313" elapsed="0.031550"/>
</kw>
<arg>${username}</arg>
<status status="PASS" start="2026-06-11T15:31:32.882339" elapsed="0.068685"/>
</kw>
<kw name="Enter Password" owner="login_page">
<kw name="Wait For Elements State" owner="Browser">
<msg time="2026-06-11T15:31:32.961670" level="INFO">Waited for Element with selector id=password at state visible</msg>
<arg>id=password</arg>
<arg>visible</arg>
<arg>timeout=10s</arg>
<tag>PageContent</tag>
<tag>Wait</tag>
<doc>Waits for the element found by ``selector`` to satisfy state option.</doc>
<status status="PASS" start="2026-06-11T15:31:32.951936" elapsed="0.009918"/>
</kw>
<kw name="Fill Text" owner="Browser">
<msg time="2026-06-11T15:31:32.963396" level="INFO">Fills the text 'SuperSecretPassword!' in the given field.</msg>
<arg>id=password</arg>
<arg>${password}</arg>
<tag>PageContent</tag>
<tag>Setter</tag>
<doc>Clears and fills the given ``txt`` into the text field found by ``selector``.</doc>
<status status="PASS" start="2026-06-11T15:31:32.962067" elapsed="0.014091"/>
</kw>
<arg>${password}</arg>
<status status="PASS" start="2026-06-11T15:31:32.951248" elapsed="0.025060"/>
</kw>
<kw name="Click Login Button" owner="login_page">
<kw name="Click" owner="Browser">
<msg time="2026-06-11T15:31:32.978171" level="INFO">Clicks the element 'css=button[type="submit"]'.</msg>
<arg>css=button[type="submit"]</arg>
<tag>PageContent</tag>
<tag>Setter</tag>
<doc>Simulates mouse click on the element found by ``selector``.</doc>
<status status="PASS" start="2026-06-11T15:31:32.977011" elapsed="0.273673"/>
</kw>
<status status="PASS" start="2026-06-11T15:31:32.976504" elapsed="0.274384"/>
</kw>
<arg>${VALID_USERNAME}</arg>
<arg>${VALID_PASSWORD}</arg>
<status status="PASS" start="2026-06-11T15:31:32.881676" elapsed="0.369291"/>
</kw>
<kw name="Verify Successful Login" owner="keywords">
<kw name="Wait For Elements State" owner="Browser">
<msg time="2026-06-11T15:31:33.299155" level="INFO">Waited for Element with selector css=#flash at state visible</msg>
<arg>css=#flash</arg>
<arg>visible</arg>
<arg>timeout=10s</arg>
<tag>PageContent</tag>
<tag>Wait</tag>
<doc>Waits for the element found by ``selector`` to satisfy state option.</doc>
<status status="PASS" start="2026-06-11T15:31:33.253844" elapsed="0.045499"/>
</kw>
<kw name="Get Url" owner="Browser">
<msg time="2026-06-11T15:31:33.304074" level="INFO">${url} = https://the-internet.herokuapp.com/secure</msg>
<var>${url}</var>
<tag>Assertion</tag>
<tag>Getter</tag>
<tag>PageContent</tag>
<doc>Returns the current URL.</doc>
<status status="PASS" start="2026-06-11T15:31:33.299555" elapsed="0.007314"/>
</kw>
<kw name="Should Contain" owner="BuiltIn">
<arg>${url}</arg>
<arg>/secure</arg>
<doc>Fails if ``container`` does not contain ``item`` one or more times.</doc>
<status status="PASS" start="2026-06-11T15:31:33.307309" elapsed="0.000501"/>
</kw>
<kw name="Get Text" owner="Browser">
<msg time="2026-06-11T15:31:33.343264" level="INFO">Text: ' You logged into a secure area!\n×'</msg>
<msg time="2026-06-11T15:31:33.343455" level="INFO">${msg} =  You logged into a secure area!
×</msg>
<var>${msg}</var>
<arg>css=#flash</arg>
<tag>Assertion</tag>
<tag>Getter</tag>
<tag>PageContent</tag>
<doc>Returns text attribute of the element found by ``selector``.</doc>
<status status="PASS" start="2026-06-11T15:31:33.307993" elapsed="0.035500"/>
</kw>
<kw name="Should Contain" owner="BuiltIn">
<arg>${msg}</arg>
<arg>${SUCCESS_MESSAGE}</arg>
<doc>Fails if ``container`` does not contain ``item`` one or more times.</doc>
<status status="PASS" start="2026-06-11T15:31:33.343694" elapsed="0.000445"/>
</kw>
<status status="PASS" start="2026-06-11T15:31:33.253078" elapsed="0.091324"/>
</kw>
<doc>Login with valid credentials</doc>
<status status="PASS" start="2026-06-11T15:31:32.715761" elapsed="0.628958"/>
</test>
<test id="s1-s1-t2" name="TC_002 - Connexion avec mot de passe invalide" line="16">
<kw name="Go To" owner="Browser" type="SETUP">
<msg time="2026-06-11T15:31:33.506188" level="INFO">Successfully opened URL https://the-internet.herokuapp.com/login</msg>
<arg>${BASE_URL}</arg>
<tag>BrowserControl</tag>
<tag>Setter</tag>
<doc>Navigates to the given ``url``.</doc>
<status status="PASS" start="2026-06-11T15:31:33.365294" elapsed="0.141093"/>
</kw>
<kw name="Login With Credentials" owner="keywords">
<kw name="Enter Username" owner="login_page">
<kw name="Wait For Elements State" owner="Browser">
<msg time="2026-06-11T15:31:33.531626" level="INFO">Waited for Element with selector id=username at state visible</msg>
<arg>id=username</arg>
<arg>visible</arg>
<arg>timeout=10s</arg>
<tag>PageContent</tag>
<tag>Wait</tag>
<doc>Waits for the element found by ``selector`` to satisfy state option.</doc>
<status status="PASS" start="2026-06-11T15:31:33.509791" elapsed="0.022030"/>
</kw>
<kw name="Fill Text" owner="Browser">
<msg time="2026-06-11T15:31:33.533378" level="INFO">Fills the text 'tomsmith' in the given field.</msg>
<arg>id=username</arg>
<arg>${username}</arg>
<tag>PageContent</tag>
<tag>Setter</tag>
<doc>Clears and fills the given ``txt`` into the text field found by ``selector``.</doc>
<status status="PASS" start="2026-06-11T15:31:33.532034" elapsed="0.014184"/>
</kw>
<arg>${username}</arg>
<status status="PASS" start="2026-06-11T15:31:33.509184" elapsed="0.037181"/>
</kw>
<kw name="Enter Password" owner="login_page">
<kw name="Wait For Elements State" owner="Browser">
<msg time="2026-06-11T15:31:33.554067" level="INFO">Waited for Element with selector id=password at state visible</msg>
<arg>id=password</arg>
<arg>visible</arg>
<arg>timeout=10s</arg>
<tag>PageContent</tag>
<tag>Wait</tag>
<doc>Waits for the element found by ``selector`` to satisfy state option.</doc>
<status status="PASS" start="2026-06-11T15:31:33.547118" elapsed="0.007621"/>
</kw>
<kw name="Fill Text" owner="Browser">
<msg time="2026-06-11T15:31:33.560158" level="INFO">Fills the text 'mauvaisMotDePasse' in the given field.</msg>
<arg>id=password</arg>
<arg>${password}</arg>
<tag>PageContent</tag>
<tag>Setter</tag>
<doc>Clears and fills the given ``txt`` into the text field found by ``selector``.</doc>
<status status="PASS" start="2026-06-11T15:31:33.555080" elapsed="0.014272"/>
</kw>
<arg>${password}</arg>
<status status="PASS" start="2026-06-11T15:31:33.546568" elapsed="0.022933"/>
</kw>
<kw name="Click Login Button" owner="login_page">
<kw name="Click" owner="Browser">
<msg time="2026-06-11T15:31:33.573632" level="INFO">Clicks the element 'css=button[type="submit"]'.</msg>
<arg>css=button[type="submit"]</arg>
<tag>PageContent</tag>
<tag>Setter</tag>
<doc>Simulates mouse click on the element found by ``selector``.</doc>
<status status="PASS" start="2026-06-11T15:31:33.570233" elapsed="0.278448"/>
</kw>
<status status="PASS" start="2026-06-11T15:31:33.569705" elapsed="0.279245"/>
</kw>
<arg>${VALID_USERNAME}</arg>
<arg>${INVALID_PASSWORD}</arg>
<status status="PASS" start="2026-06-11T15:31:33.507862" elapsed="0.341244"/>
</kw>
<kw name="Verify Invalid Password Error" owner="keywords">
<kw name="Wait For Elements State" owner="Browser">
<msg time="2026-06-11T15:31:33.902745" level="INFO">Waited for Element with selector css=#flash at state visible</msg>
<arg>css=#flash</arg>
<arg>visible</arg>
<arg>timeout=10s</arg>
<tag>PageContent</tag>
<tag>Wait</tag>
<doc>Waits for the element found by ``selector`` to satisfy state option.</doc>
<status status="PASS" start="2026-06-11T15:31:33.853564" elapsed="0.049368"/>
</kw>
<kw name="Get Text" owner="Browser">
<msg time="2026-06-11T15:31:33.929845" level="INFO">Text: ' Your password is invalid!\n×'</msg>
<msg time="2026-06-11T15:31:33.930010" level="INFO">${msg} =  Your password is invalid!
×</msg>
<var>${msg}</var>
<arg>css=#flash</arg>
<tag>Assertion</tag>
<tag>Getter</tag>
<tag>PageContent</tag>
<doc>Returns text attribute of the element found by ``selector``.</doc>
<status status="PASS" start="2026-06-11T15:31:33.903144" elapsed="0.026901"/>
</kw>
<kw name="Should Contain" owner="BuiltIn">
<arg>${msg}</arg>
<arg>${INVALID_PWD_MESSAGE}</arg>
<doc>Fails if ``container`` does not contain ``item`` one or more times.</doc>
<status status="PASS" start="2026-06-11T15:31:33.930240" elapsed="0.000433"/>
</kw>
<kw name="Get Url" owner="Browser">
<msg time="2026-06-11T15:31:33.933915" level="INFO">${url} = https://the-internet.herokuapp.com/login</msg>
<var>${url}</var>
<tag>Assertion</tag>
<tag>Getter</tag>
<tag>PageContent</tag>
<doc>Returns the current URL.</doc>
<status status="PASS" start="2026-06-11T15:31:33.930808" elapsed="0.003156"/>
</kw>
<kw name="Should Contain" owner="BuiltIn">
<arg>${url}</arg>
<arg>/login</arg>
<doc>Fails if ``container`` does not contain ``item`` one or more times.</doc>
<status status="PASS" start="2026-06-11T15:31:33.934147" elapsed="0.000397"/>
</kw>
<status status="PASS" start="2026-06-11T15:31:33.852425" elapsed="0.082214"/>
</kw>
<doc>Login with invalid password</doc>
<status status="PASS" start="2026-06-11T15:31:33.357724" elapsed="0.577158"/>
</test>
<test id="s1-s1-t3" name="TC_003 - Connexion avec nom d'utilisateur invalide" line="21">
<kw name="Go To" owner="Browser" type="SETUP">
<msg time="2026-06-11T15:31:34.091586" level="INFO">Successfully opened URL https://the-internet.herokuapp.com/login</msg>
<arg>${BASE_URL}</arg>
<tag>BrowserControl</tag>
<tag>Setter</tag>
<doc>Navigates to the given ``url``.</doc>
<status status="PASS" start="2026-06-11T15:31:33.951649" elapsed="0.140472"/>
</kw>
<kw name="Login With Credentials" owner="keywords">
<kw name="Enter Username" owner="login_page">
<kw name="Wait For Elements State" owner="Browser">
<msg time="2026-06-11T15:31:34.114005" level="INFO">Waited for Element with selector id=username at state visible</msg>
<arg>id=username</arg>
<arg>visible</arg>
<arg>timeout=10s</arg>
<tag>PageContent</tag>
<tag>Wait</tag>
<doc>Waits for the element found by ``selector`` to satisfy state option.</doc>
<status status="PASS" start="2026-06-11T15:31:34.095212" elapsed="0.018988"/>
</kw>
<kw name="Fill Text" owner="Browser">
<msg time="2026-06-11T15:31:34.116048" level="INFO">Fills the text 'utilisateurInconnu' in the given field.</msg>
<arg>id=username</arg>
<arg>${username}</arg>
<tag>PageContent</tag>
<tag>Setter</tag>
<doc>Clears and fills the given ``txt`` into the text field found by ``selector``.</doc>
<status status="PASS" start="2026-06-11T15:31:34.114460" elapsed="0.014650"/>
</kw>
<arg>${username}</arg>
<status status="PASS" start="2026-06-11T15:31:34.094259" elapsed="0.034992"/>
</kw>
<kw name="Enter Password" owner="login_page">
<kw name="Wait For Elements State" owner="Browser">
<msg time="2026-06-11T15:31:34.137276" level="INFO">Waited for Element with selector id=password at state visible</msg>
<arg>id=password</arg>
<arg>visible</arg>
<arg>timeout=10s</arg>
<tag>PageContent</tag>
<tag>Wait</tag>
<doc>Waits for the element found by ``selector`` to satisfy state option.</doc>
<status status="PASS" start="2026-06-11T15:31:34.130063" elapsed="0.007409"/>
</kw>
<kw name="Fill Text" owner="Browser">
<msg time="2026-06-11T15:31:34.143041" level="INFO">Fills the text 'SuperSecretPassword!' in the given field.</msg>
<arg>id=password</arg>
<arg>${password}</arg>
<tag>PageContent</tag>
<tag>Setter</tag>
<doc>Clears and fills the given ``txt`` into the text field found by ``selector``.</doc>
<status status="PASS" start="2026-06-11T15:31:34.137688" elapsed="0.016711"/>
</kw>
<arg>${password}</arg>
<status status="PASS" start="2026-06-11T15:31:34.129449" elapsed="0.025597"/>
</kw>
<kw name="Click Login Button" owner="login_page">
<kw name="Click" owner="Browser">
<msg time="2026-06-11T15:31:34.158277" level="INFO">Clicks the element 'css=button[type="submit"]'.</msg>
<arg>css=button[type="submit"]</arg>
<tag>PageContent</tag>
<tag>Setter</tag>
<doc>Simulates mouse click on the element found by ``selector``.</doc>
<status status="PASS" start="2026-06-11T15:31:34.156585" elapsed="0.287887"/>
</kw>
<status status="PASS" start="2026-06-11T15:31:34.155568" elapsed="0.289096"/>
</kw>
<arg>${INVALID_USERNAME}</arg>
<arg>${VALID_PASSWORD}</arg>
<status status="PASS" start="2026-06-11T15:31:34.092668" elapsed="0.352094"/>
</kw>
<kw name="Verify Invalid Username Error" owner="keywords">
<kw name="Wait For Elements State" owner="Browser">
<msg time="2026-06-11T15:31:34.493807" level="INFO">Waited for Element with selector css=#flash at state visible</msg>
<arg>css=#flash</arg>
<arg>visible</arg>
<arg>timeout=10s</arg>
<tag>PageContent</tag>
<tag>Wait</tag>
<doc>Waits for the element found by ``selector`` to satisfy state option.</doc>
<status status="PASS" start="2026-06-11T15:31:34.448590" elapsed="0.045413"/>
</kw>
<kw name="Get Text" owner="Browser">
<msg time="2026-06-11T15:31:34.517457" level="INFO">Text: ' Your username is invalid!\n×'</msg>
<msg time="2026-06-11T15:31:34.517625" level="INFO">${msg} =  Your username is invalid!
×</msg>
<var>${msg}</var>
<arg>css=#flash</arg>
<tag>Assertion</tag>
<tag>Getter</tag>
<tag>PageContent</tag>
<doc>Returns text attribute of the element found by ``selector``.</doc>
<status status="PASS" start="2026-06-11T15:31:34.494215" elapsed="0.023447"/>
</kw>
<kw name="Should Contain" owner="BuiltIn">
<arg>${msg}</arg>
<arg>${INVALID_USER_MESSAGE}</arg>
<doc>Fails if ``container`` does not contain ``item`` one or more times.</doc>
<status status="PASS" start="2026-06-11T15:31:34.517858" elapsed="0.000436"/>
</kw>
<kw name="Get Url" owner="Browser">
<msg time="2026-06-11T15:31:34.524015" level="INFO">${url} = https://the-internet.herokuapp.com/login</msg>
<var>${url}</var>
<tag>Assertion</tag>
<tag>Getter</tag>
<tag>PageContent</tag>
<doc>Returns the current URL.</doc>
<status status="PASS" start="2026-06-11T15:31:34.518428" elapsed="0.005642"/>
</kw>
<kw name="Should Contain" owner="BuiltIn">
<arg>${url}</arg>
<arg>/login</arg>
<doc>Fails if ``container`` does not contain ``item`` one or more times.</doc>
<status status="PASS" start="2026-06-11T15:31:34.524265" elapsed="0.000411"/>
</kw>
<status status="PASS" start="2026-06-11T15:31:34.445428" elapsed="0.079339"/>
</kw>
<doc>Login with invalid username</doc>
<status status="PASS" start="2026-06-11T15:31:33.946217" elapsed="0.578785"/>
</test>
<test id="s1-s1-t4" name="TC_004 - Deconnexion apres une connexion reussie" line="26">
<kw name="Go To" owner="Browser" type="SETUP">
<msg time="2026-06-11T15:31:34.679713" level="INFO">Successfully opened URL https://the-internet.herokuapp.com/login</msg>
<arg>${BASE_URL}</arg>
<tag>BrowserControl</tag>
<tag>Setter</tag>
<doc>Navigates to the given ``url``.</doc>
<status status="PASS" start="2026-06-11T15:31:34.539476" elapsed="0.140447"/>
</kw>
<kw name="Login With Credentials" owner="keywords">
<kw name="Enter Username" owner="login_page">
<kw name="Wait For Elements State" owner="Browser">
<msg time="2026-06-11T15:31:34.700955" level="INFO">Waited for Element with selector id=username at state visible</msg>
<arg>id=username</arg>
<arg>visible</arg>
<arg>timeout=10s</arg>
<tag>PageContent</tag>
<tag>Wait</tag>
<doc>Waits for the element found by ``selector`` to satisfy state option.</doc>
<status status="PASS" start="2026-06-11T15:31:34.682337" elapsed="0.018812"/>
</kw>
<kw name="Fill Text" owner="Browser">
<msg time="2026-06-11T15:31:34.702893" level="INFO">Fills the text 'tomsmith' in the given field.</msg>
<arg>id=username</arg>
<arg>${username}</arg>
<tag>PageContent</tag>
<tag>Setter</tag>
<doc>Clears and fills the given ``txt`` into the text field found by ``selector``.</doc>
<status status="PASS" start="2026-06-11T15:31:34.701470" elapsed="0.013757"/>
</kw>
<arg>${username}</arg>
<status status="PASS" start="2026-06-11T15:31:34.681373" elapsed="0.033999"/>
</kw>
<kw name="Enter Password" owner="login_page">
<kw name="Wait For Elements State" owner="Browser">
<msg time="2026-06-11T15:31:34.726712" level="INFO">Waited for Element with selector id=password at state visible</msg>
<arg>id=password</arg>
<arg>visible</arg>
<arg>timeout=10s</arg>
<tag>PageContent</tag>
<tag>Wait</tag>
<doc>Waits for the element found by ``selector`` to satisfy state option.</doc>
<status status="PASS" start="2026-06-11T15:31:34.716151" elapsed="0.010811"/>
</kw>
<kw name="Fill Text" owner="Browser">
<msg time="2026-06-11T15:31:34.728681" level="INFO">Fills the text 'SuperSecretPassword!' in the given field.</msg>
<arg>id=password</arg>
<arg>${password}</arg>
<tag>PageContent</tag>
<tag>Setter</tag>
<doc>Clears and fills the given ``txt`` into the text field found by ``selector``.</doc>
<status status="PASS" start="2026-06-11T15:31:34.727179" elapsed="0.013786"/>
</kw>
<arg>${password}</arg>
<status status="PASS" start="2026-06-11T15:31:34.715573" elapsed="0.026092"/>
</kw>
<kw name="Click Login Button" owner="login_page">
<kw name="Click" owner="Browser">
<msg time="2026-06-11T15:31:34.743926" level="INFO">Clicks the element 'css=button[type="submit"]'.</msg>
<arg>css=button[type="submit"]</arg>
<tag>PageContent</tag>
<tag>Setter</tag>
<doc>Simulates mouse click on the element found by ``selector``.</doc>
<status status="PASS" start="2026-06-11T15:31:34.742654" elapsed="0.269587"/>
</kw>
<status status="PASS" start="2026-06-11T15:31:34.741984" elapsed="0.270734"/>
</kw>
<arg>${VALID_USERNAME}</arg>
<arg>${VALID_PASSWORD}</arg>
<status status="PASS" start="2026-06-11T15:31:34.680499" elapsed="0.332424"/>
</kw>
<kw name="Verify Successful Login" owner="keywords">
<kw name="Wait For Elements State" owner="Browser">
<msg time="2026-06-11T15:31:35.065349" level="INFO">Waited for Element with selector css=#flash at state visible</msg>
<arg>css=#flash</arg>
<arg>visible</arg>
<arg>timeout=10s</arg>
<tag>PageContent</tag>
<tag>Wait</tag>
<doc>Waits for the element found by ``selector`` to satisfy state option.</doc>
<status status="PASS" start="2026-06-11T15:31:35.019295" elapsed="0.046246"/>
</kw>
<kw name="Get Url" owner="Browser">
<msg time="2026-06-11T15:31:35.069029" level="INFO">${url} = https://the-internet.herokuapp.com/secure</msg>
<var>${url}</var>
<tag>Assertion</tag>
<tag>Getter</tag>
<tag>PageContent</tag>
<doc>Returns the current URL.</doc>
<status status="PASS" start="2026-06-11T15:31:35.065744" elapsed="0.003339"/>
</kw>
<kw name="Should Contain" owner="BuiltIn">
<arg>${url}</arg>
<arg>/secure</arg>
<doc>Fails if ``container`` does not contain ``item`` one or more times.</doc>
<status status="PASS" start="2026-06-11T15:31:35.069277" elapsed="0.000417"/>
</kw>
<kw name="Get Text" owner="Browser">
<msg time="2026-06-11T15:31:35.095443" level="INFO">Text: ' You logged into a secure area!\n×'</msg>
<msg time="2026-06-11T15:31:35.095609" level="INFO">${msg} =  You logged into a secure area!
×</msg>
<var>${msg}</var>
<arg>css=#flash</arg>
<tag>Assertion</tag>
<tag>Getter</tag>
<tag>PageContent</tag>
<doc>Returns text attribute of the element found by ``selector``.</doc>
<status status="PASS" start="2026-06-11T15:31:35.069838" elapsed="0.025807"/>
</kw>
<kw name="Should Contain" owner="BuiltIn">
<arg>${msg}</arg>
<arg>${SUCCESS_MESSAGE}</arg>
<doc>Fails if ``container`` does not contain ``item`` one or more times.</doc>
<status status="PASS" start="2026-06-11T15:31:35.095842" elapsed="0.000498"/>
</kw>
<status status="PASS" start="2026-06-11T15:31:35.014524" elapsed="0.081920"/>
</kw>
<kw name="Click Logout Button" owner="login_page">
<kw name="Wait For Elements State" owner="Browser">
<msg time="2026-06-11T15:31:35.103794" level="INFO">Waited for Element with selector css=a[href="/logout"] at state visible</msg>
<arg>css=a[href="/logout"]</arg>
<arg>visible</arg>
<arg>timeout=10s</arg>
<tag>PageContent</tag>
<tag>Wait</tag>
<doc>Waits for the element found by ``selector`` to satisfy state option.</doc>
<status status="PASS" start="2026-06-11T15:31:35.097198" elapsed="0.006918"/>
</kw>
<kw name="Click" owner="Browser">
<msg time="2026-06-11T15:31:35.107843" level="INFO">Clicks the element 'css=a[href="/logout"]'.</msg>
<arg>css=a[href="/logout"]</arg>
<tag>PageContent</tag>
<tag>Setter</tag>
<doc>Simulates mouse click on the element found by ``selector``.</doc>
<status status="PASS" start="2026-06-11T15:31:35.104368" elapsed="0.243608"/>
</kw>
<status status="PASS" start="2026-06-11T15:31:35.096738" elapsed="0.251375"/>
</kw>
<kw name="Verify Logout Successful" owner="keywords">
<kw name="Wait For Elements State" owner="Browser">
<msg time="2026-06-11T15:31:35.385228" level="INFO">Waited for Element with selector css=#flash at state visible</msg>
<arg>css=#flash</arg>
<arg>visible</arg>
<arg>timeout=10s</arg>
<tag>PageContent</tag>
<tag>Wait</tag>
<doc>Waits for the element found by ``selector`` to satisfy state option.</doc>
<status status="PASS" start="2026-06-11T15:31:35.349272" elapsed="0.036147"/>
</kw>
<kw name="Get Url" owner="Browser">
<msg time="2026-06-11T15:31:35.393578" level="INFO">${url} = https://the-internet.herokuapp.com/login</msg>
<var>${url}</var>
<tag>Assertion</tag>
<tag>Getter</tag>
<tag>PageContent</tag>
<doc>Returns the current URL.</doc>
<status status="PASS" start="2026-06-11T15:31:35.385672" elapsed="0.007962"/>
</kw>
<kw name="Should Contain" owner="BuiltIn">
<arg>${url}</arg>
<arg>/login</arg>
<doc>Fails if ``container`` does not contain ``item`` one or more times.</doc>
<status status="PASS" start="2026-06-11T15:31:35.393899" elapsed="0.000486"/>
</kw>
<kw name="Get Text" owner="Browser">
<msg time="2026-06-11T15:31:35.419970" level="INFO">Text: ' You logged out of the secure area!\n×'</msg>
<msg time="2026-06-11T15:31:35.420139" level="INFO">${msg} =  You logged out of the secure area!
×</msg>
<var>${msg}</var>
<arg>css=#flash</arg>
<tag>Assertion</tag>
<tag>Getter</tag>
<tag>PageContent</tag>
<doc>Returns text attribute of the element found by ``selector``.</doc>
<status status="PASS" start="2026-06-11T15:31:35.394526" elapsed="0.025649"/>
</kw>
<kw name="Should Contain" owner="BuiltIn">
<arg>${msg}</arg>
<arg>${LOGOUT_MESSAGE}</arg>
<doc>Fails if ``container`` does not contain ``item`` one or more times.</doc>
<status status="PASS" start="2026-06-11T15:31:35.420413" elapsed="0.000575"/>
</kw>
<status status="PASS" start="2026-06-11T15:31:35.348589" elapsed="0.072522"/>
</kw>
<doc>Logout after successful login</doc>
<status status="PASS" start="2026-06-11T15:31:34.531634" elapsed="0.892388"/>
</test>
<doc>Login feature test suite</doc>
<status status="PASS" start="2026-06-11T15:31:32.692478" elapsed="2.739551"/>
</suite>
<kw name="Close Browser" owner="Browser" type="TEARDOWN">
<msg time="2026-06-11T15:31:36.350038" level="INFO">Closed browser</msg>
<tag>BrowserControl</tag>
<tag>Setter</tag>
<doc>Closes the current browser.</doc>
<status status="PASS" start="2026-06-11T15:31:35.444442" elapsed="0.905789"/>
</kw>
<status status="PASS" start="2026-06-11T15:31:20.175686" elapsed="16.174635"/>
</suite>
<statistics>
<total>
<stat pass="4" fail="0" skip="0">All Tests</stat>
</total>
<tag>
</tag>
<suite>
<stat name="Tests" id="s1" pass="4" fail="0" skip="0">Tests</stat>
<stat name="Tests" id="s1-s1" pass="4" fail="0" skip="0">Tests.Tests</stat>
</suite>
</statistics>
<errors>
</errors>
</robot>
